<?xml version="1.0" encoding="UTF-8"?>
<!-- Generated by org.testng.reporters.JUnitReportReporter -->
<testsuite hostname="DESKTOP-CFSKSBJ" failures="0" tests="6" name="api.test.DDTests" time="9.461" errors="0" timestamp="2024-10-19T12:54:33 IST" skipped="0">
  <testcase classname="api.test.DDTests" name="testPostuser" time="3.114"/>
  <testcase classname="api.test.DDTests" name="testPostuser" time="1.275"/>
  <testcase classname="api.test.DDTests" name="testPostuser" time="1.221"/>
  <testcase classname="api.test.DDTests" name="testDeleteUserByName" time="1.272"/>
  <testcase classname="api.test.DDTests" name="testDeleteUserByName" time="1.310"/>
  <testcase classname="api.test.DDTests" name="testDeleteUserByName" time="1.269"/>
</testsuite> <!-- api.test.DDTests -->
